<?xml version="1.0" encoding="UTF-8"?>
<Site BuildName="Linux-g++"
	BuildStamp="20240127-0143-Experimental"
	Name="hamasfa-Victus-by-HP-Gaming-Laptop-15-fa0xxx"
	Generator="ctest-3.16.3"
	CompilerName="/usr/bin/g++"
	CompilerVersion="9.4.0"
	OSName="Linux"
	Hostname="hamasfa-Victus-by-HP-Gaming-Laptop-15-fa0xxx"
	OSRelease="5.15.0-91-generic"
	OSVersion="#101~20.04.1-Ubuntu SMP Thu Nov 16 14:22:28 UTC 2023"
	OSPlatform="x86_64"
	Is64Bits="1"
	VendorString="GenuineIntel"
	VendorID="Intel Corporation"
	FamilyID="6"
	ModelID="154"
	ProcessorCacheSize="18432"
	NumberOfLogicalCPU="16"
	NumberOfPhysicalCPU="12"
	TotalVirtualMemory="7812"
	TotalPhysicalMemory="7599"
	LogicalProcessorsPerPhysical="1"
	ProcessorClockFrequency="659.505"
	>
	<Testing>
		<StartDateTime>Jan 27 10:58 WIB</StartDateTime>
		<StartTestTime>1706327889</StartTestTime>
		<TestList/>
		<EndDateTime>Jan 27 10:58 WIB</EndDateTime>
		<EndTestTime>1706327889</EndTestTime>
		<ElapsedMinutes>0</ElapsedMinutes>
	</Testing>
</Site>
